<?xml version="1.0" encoding="UTF-8"?>
<!-- Generated by org.testng.reporters.JUnitXMLReporter -->
<testsuite hostname="Ronen-pc" ignored="0" name="Web Tests" tests="5" failures="0" timestamp="2021-12-08T13:45:08 IST" time="61.68" errors="0">
  <testcase name="test01_verifyHeader" time="0.193" classname="sanity.MortgageWeb"/>
  <testcase name="test02_verifyMortgageCalculate" time="5.095" classname="sanity.MortgageWeb"/>
  <testcase name="test03_verifyCurrentTaxesAndFees" time="8.767" classname="sanity.MortgageWeb"/>
  <testcase name="test04_verifyBalancePrincipleAndInterest" time="15.358" classname="sanity.MortgageWeb"/>
  <testcase name="test04_verifyBalancePrincipleAndInterest" time="19.9" classname="sanity.MortgageWeb"/>
</testsuite> <!-- Web Tests -->
